set ucliGUI::state
set ucliGUI::state
ucliCore::getToolPID
synopsys::env hasTB
trigger_hier_stack_context_switch 0
synUtils::setDVEInitPhase 1
synopsys::dump -type VPD -file /home/escaper/my_cpu/y86/inter.vpd -locking
synopsys::dump -autoflush on -fid VPD0
set ::dve_fid VPD0
synUtils::setDVEInitPhase 0
ucliCore::getToolPID
synUtils::sendTool -active _icl_setToolSocket /tmp/smlnpIdw7OF
synUtils::sendTool -active {_icl_start_rpc -version "O-2018.09-SP2_Full64" -sync_file /tmp/vcs_dve_rpc.escaper.44833}
synUtils::sendTool -active {_icl_createSharedMemory /tmp/vcs_dve_general.escaper.44833}
config endofsim noexit
config onfail enable all
config syscaddplainmembers
config syscaddsourcenames
config syscaddstructtypes
synopsys::listing -disable
synopsys::dump -add {fetch.ALU fetch.ALU_ADDL fetch.ALU_ANDL fetch.ALU_SUBL fetch.ALU_XORL fetch.CALL fetch.HALT fetch.IRMOVL fetch.JXX fetch.JXX_JE fetch.JXX_JG fetch.JXX_JGE fetch.JXX_JL fetch.JXX_JLE fetch.JXX_JMP fetch.JXX_JNE fetch.MRMOVL fetch.NOP fetch.PC_i fetch.POPL fetch.PUSHL fetch.RET fetch.RMMOVL fetch.RRMOVL fetch.RRMOV_CMOVE fetch.RRMOV_CMOVG fetch.RRMOV_CMOVGE fetch.RRMOV_CMOVL fetch.RRMOV_CMOVLE fetch.RRMOV_CMOVNE fetch.RRMOV_RRMOVL fetch.icode_o fetch.ifun_o fetch.imem_error_o fetch.instr fetch.instr_mem fetch.instr_valid_o fetch.need_regids fetch.need_valC fetch.rA_o fetch.rB_o fetch.valC_o fetch.valP_o fetch.valid_ifun } -aggregates  -fid VPD0
synopsys::run
set ucliGUI::state
set ucliGUI::state
set ucliGUI::state
set ucliGUI::state
if [catch {gui_sim_terminate}] {gui_sim_terminate -kill}
synopsys::finish
set ucliGUI::state
set ucliGUI::state
ucli_exit
