# Preference setting overrides
gui_create_pref_key -category {Globals} -key {load_detail_for_funcov} -value_type {bool} -value {false}

# State setting overrides
gui_state_default_create -off -ini
gui_set_state_value -category Layout -key child_console_size_x -value 2489
gui_set_state_value -category Layout -key child_console_size_y -value 153
gui_set_state_value -category Layout -key child_data_size_x -value 141
gui_set_state_value -category Layout -key child_data_size_y -value 1141
gui_set_state_value -category Layout -key child_hier_col3 -value {-1}
gui_set_state_value -category Layout -key child_hier_colhier -value 179
gui_set_state_value -category Layout -key child_hier_colpd -value 0
gui_set_state_value -category Layout -key child_hier_size_x -value 219
gui_set_state_value -category Layout -key child_hier_size_y -value 1141
gui_set_state_value -category Layout -key child_source_docknewline -value false
gui_set_state_value -category Layout -key child_source_pos_x -value {-2}
gui_set_state_value -category Layout -key child_source_pos_y -value {-15}
gui_set_state_value -category Layout -key child_source_size_x -value 2132
gui_set_state_value -category Layout -key child_source_size_y -value 1136
gui_set_state_value -category Layout -key child_wave_colname -value 359
gui_set_state_value -category Layout -key child_wave_colvalue -value 359
gui_set_state_value -category Layout -key child_wave_left -value 722
gui_set_state_value -category Layout -key child_wave_right -value 1762
gui_set_state_value -category Layout -key main_pos_x -value 0
gui_set_state_value -category Layout -key main_pos_y -value 37
gui_set_state_value -category Layout -key main_size_x -value 2489
gui_set_state_value -category Layout -key main_size_y -value 1412
gui_set_state_value -category Layout -key stand_wave_child_docknewline -value false
gui_set_state_value -category Layout -key stand_wave_child_pos_x -value {-2}
gui_set_state_value -category Layout -key stand_wave_child_pos_y -value {-15}
gui_set_state_value -category Layout -key stand_wave_child_size_x -value 2494
gui_set_state_value -category Layout -key stand_wave_child_size_y -value 1289
gui_set_state_value -category Layout -key stand_wave_top_pos_x -value 0
gui_set_state_value -category Layout -key stand_wave_top_pos_y -value 37
gui_set_state_value -category Layout -key stand_wave_top_size_x -value 2489
gui_set_state_value -category Layout -key stand_wave_top_size_y -value 1412
gui_create_state_key -category FindDialog -key m_pMatchCase -value_type bool -value false
gui_create_state_key -category FindDialog -key m_pMatchWord -value_type bool -value false
gui_create_state_key -category FindDialog -key m_pUseCombo -value_type string -value {}
gui_create_state_key -category FindDialog -key m_pWrapAround -value_type bool -value true
gui_state_default_create -off

# Begin command logging
gui_sim_run Ucli -exe ./simv -args {-ucligui  } -dir .
gui_list_select -id Hier.1 -current_item_name memory_access_tb -current_item_type Scope  -selected  { memory_access_tb   }
gui_list_select -id Data.1 { {memory_access_tb.valM[63:0]}  memory_access_tb.dmem_error  memory_access_tb.clk  {memory_access_tb.icode[3:0]}  {memory_access_tb.valE[63:0]}  {memory_access_tb.valA[63:0]}  {memory_access_tb.valP[63:0]}  {memory_access_tb.NOP[3:0]}  {memory_access_tb.HALT[3:0]}  {memory_access_tb.RRMOVL[3:0]}  {memory_access_tb.IRMOVL[3:0]}  {memory_access_tb.RMMOVL[3:0]}  {memory_access_tb.MRMOVL[3:0]}  {memory_access_tb.ALU[3:0]}  {memory_access_tb.JXX[3:0]}  {memory_access_tb.CALL[3:0]}  {memory_access_tb.RET[3:0]}  {memory_access_tb.PUSHL[3:0]}  {memory_access_tb.POPL[3:0]}  {memory_access_tb.PUSHL[3:0]}  {memory_access_tb.POPL[3:0]}  {memory_access_tb.PUSHL[3:0]}  {memory_access_tb.RET[3:0]}  {memory_access_tb.PUSHL[3:0]}  {memory_access_tb.RET[3:0]}  {memory_access_tb.CALL[3:0]}  {memory_access_tb.RET[3:0]}  {memory_access_tb.CALL[3:0]}  {memory_access_tb.JXX[3:0]}  {memory_access_tb.CALL[3:0]}  {memory_access_tb.JXX[3:0]}  {memory_access_tb.ALU[3:0]}  {memory_access_tb.JXX[3:0]}  {memory_access_tb.ALU[3:0]}  {memory_access_tb.MRMOVL[3:0]}  {memory_access_tb.ALU[3:0]}  {memory_access_tb.MRMOVL[3:0]}  {memory_access_tb.RMMOVL[3:0]}  {memory_access_tb.MRMOVL[3:0]}  {memory_access_tb.RMMOVL[3:0]}  {memory_access_tb.IRMOVL[3:0]}  {memory_access_tb.RMMOVL[3:0]}  {memory_access_tb.IRMOVL[3:0]}  {memory_access_tb.RRMOVL[3:0]}  {memory_access_tb.IRMOVL[3:0]}  {memory_access_tb.RRMOVL[3:0]}  {memory_access_tb.HALT[3:0]}  {memory_access_tb.RRMOVL[3:0]}  {memory_access_tb.HALT[3:0]}  {memory_access_tb.NOP[3:0]}  {memory_access_tb.HALT[3:0]}  {memory_access_tb.NOP[3:0]}  {memory_access_tb.valP[63:0]}  {memory_access_tb.NOP[3:0]}  {memory_access_tb.valP[63:0]}  {memory_access_tb.NOP[3:0]}  {memory_access_tb.HALT[3:0]}  {memory_access_tb.RRMOVL[3:0]}  {memory_access_tb.IRMOVL[3:0]}  {memory_access_tb.RMMOVL[3:0]}  {memory_access_tb.MRMOVL[3:0]}  {memory_access_tb.ALU[3:0]}  {memory_access_tb.JXX[3:0]}  {memory_access_tb.CALL[3:0]}  {memory_access_tb.RET[3:0]}  {memory_access_tb.PUSHL[3:0]}  {memory_access_tb.POPL[3:0]}   }
gui_open_window Wave
gui_list_add -id Wave.1 -from Data.1 { {memory_access_tb.valM[63:0]} memory_access_tb.dmem_error memory_access_tb.clk {memory_access_tb.icode[3:0]} {memory_access_tb.valE[63:0]} {memory_access_tb.valA[63:0]} {memory_access_tb.valP[63:0]} {memory_access_tb.NOP[3:0]} {memory_access_tb.HALT[3:0]} {memory_access_tb.RRMOVL[3:0]} {memory_access_tb.IRMOVL[3:0]} {memory_access_tb.RMMOVL[3:0]} {memory_access_tb.MRMOVL[3:0]} {memory_access_tb.ALU[3:0]} {memory_access_tb.JXX[3:0]} {memory_access_tb.CALL[3:0]} {memory_access_tb.RET[3:0]} {memory_access_tb.PUSHL[3:0]} {memory_access_tb.POPL[3:0]} } -insertionbar
gui_sim_continue  
gui_close_window -window TopLevel.2
