
Warning-[LINX_KRNL] Unsupported Linux kernel
  Linux kernel '6.8.0-100-generic' is not supported.
  Supported versions are 2.4* or 2.6*.

Command: vcs -full64 -cpp g++-4.8 -cc gcc-4.8 -LDFLAGS -Wl,--no-as-needed -f filelist.f \
-sverilog -debug_access+all -kdb -timescale=1ns/1ps -l ./build/com.log
*** Using c compiler gcc-4.8 instead of cc ...
                         Chronologic VCS (TM)
       Version O-2018.09-SP2_Full64 -- Wed Feb 25 21:37:56 2026
               Copyright (c) 1991-2018 by Synopsys Inc.
                         ALL RIGHTS RESERVED

This program is proprietary and confidential information of Synopsys Inc.
and may be used and disclosed only as authorized in a license agreement
controlling such use and disclosure.

Parsing design file 'data_memory.v'
Parsing design file 'fetch.v'
Parsing design file 'decode.v'
Parsing design file 'execute.v'
Parsing design file 'memory_access.v'
Parsing design file 'write_back.v'
Parsing design file 'stat.v'
Parsing design file 'pc_update.v'
Parsing design file 'y86_cpu.v'
Parsing design file 'y86_cpu_comprehensive_tb_v6.v'
Top Level Modules:
       y86_cpu_comprehensive_tb_v6
TimeScale is 1 ps / 1 ps

Warning-[TFIPC] Too few instance port connections
y86_cpu_comprehensive_tb_v6.v, 15
y86_cpu_comprehensive_tb_v6, "y86_cpu uut( .clk_i (clk),  .rst_n_i (rst_n));"
  The above instance has fewer port connections than the module definition.
  Please use '+lint=TFIPC-L' to print out detailed information of unconnected 
  ports.

Starting vcs inline pass...
1 module and 0 UDP read.
	However, due to incremental compilation, no re-compilation is necessary.
make[1]: Entering directory '/home/escaper/my_cpu/y86/csrc'
rm -f _csrc*.so pre_vcsobj_*.so share_vcsobj_*.so
ld -shared  -Bsymbolic  -o .//../simv.daidir//_csrc0.so objs/amcQw_d.o 
rm -f _csrc0.so
if [ -x ../simv ]; then chmod -x ../simv; fi
g++-4.8  -o ../simv -Wl,--no-as-needed    -Wl,-rpath-link=./ -Wl,-rpath='$ORIGIN'/simv.daidir/ \
-Wl,-rpath=./simv.daidir/ -Wl,-rpath='$ORIGIN'/simv.daidir//scsim.db.dir  -L/usr/lib/x86_64-linux-gnu \
-L/lib/x86_64-linux-gnu -Wl,--no-as-needed -Wl,--no-as-needed -rdynamic  -Wl,-rpath=/home/escaper/vcs/vcs2018/vcs/O-2018.09-SP2/linux64/lib \
-L/home/escaper/vcs/vcs2018/vcs/O-2018.09-SP2/linux64/lib    _141325_archive_1.so \
_prev_archive_1.so _csrc0.so  SIM_l.o  _csrc0.so     rmapats_mop.o rmapats.o rmar.o \
rmar_nd.o  rmar_llvm_0_1.o rmar_llvm_0_0.o          -lzerosoft_rt_stubs -lvirsim \
-lerrorinf -lsnpsmalloc -lvfs    -lvcsnew -lsimprofile -luclinative /home/escaper/vcs/vcs2018/vcs/O-2018.09-SP2/linux64/lib/vcs_tls.o \
-Wl,-whole-archive -lvcsucli -Wl,-no-whole-archive       _vcs_pli_stub_.o   /home/escaper/vcs/vcs2018/vcs/O-2018.09-SP2/linux64/lib/vcs_save_restore_new.o \
/home/escaper/vcs/verdi/verdi/Verdi_O-2018.09-SP2/share/PLI/VCS/LINUX64/pli.a -ldl \
-lc -lm -lpthread -ldl 
../simv up to date
make[1]: Leaving directory '/home/escaper/my_cpu/y86/csrc'
CPU time: .302 seconds to compile + .216 seconds to elab + .271 seconds to link
