
Warning-[LINX_KRNL] Unsupported Linux kernel
  Linux kernel '6.8.0-100-generic' is not supported.
  Supported versions are 2.4* or 2.6*.

Command: vcs -full64 -cpp g++-4.8 -cc gcc-4.8 -LDFLAGS -Wl,--no-as-needed -f filelist.f \
-sverilog -debug_access+all -kdb -timescale=1ns/1ps -l com.log
*** Using c compiler gcc-4.8 instead of cc ...
                         Chronologic VCS (TM)
       Version O-2018.09-SP2_Full64 -- Fri Feb 27 22:09:35 2026
               Copyright (c) 1991-2018 by Synopsys Inc.
                         ALL RIGHTS RESERVED

This program is proprietary and confidential information of Synopsys Inc.
and may be used and disclosed only as authorized in a license agreement
controlling such use and disclosure.

Parsing design file 'stat.v'
Parsing design file 'data_memory.v'
Parsing design file 'fetch.v'
Parsing design file 'decode.v'
Parsing design file 'execute.v'
Parsing design file 'memory_access.v'
Parsing design file 'write_back.v'
Parsing design file 'pc_update.v'
Parsing design file 'riscv_cpu.v'
Parsing design file 'riscv_cpu_tb.v'
Top Level Modules:
       riscv_cpu_tb
TimeScale is 1 ps / 1 ps
Starting vcs inline pass...
1 module and 0 UDP read.
recompiling module riscv_cpu_tb
make[1]: Entering directory '/home/escaper/my_cpu/riscv/csrc'
rm -f _csrc*.so pre_vcsobj_*.so share_vcsobj_*.so
if [ -x ../simv ]; then chmod -x ../simv; fi
g++-4.8  -o ../simv -Wl,--no-as-needed    -Wl,-rpath-link=./ -Wl,-rpath='$ORIGIN'/simv.daidir/ \
-Wl,-rpath=./simv.daidir/ -Wl,-rpath='$ORIGIN'/simv.daidir//scsim.db.dir  -L/usr/lib/x86_64-linux-gnu \
-L/lib/x86_64-linux-gnu -Wl,--no-as-needed -Wl,--no-as-needed -rdynamic  -Wl,-rpath=/home/escaper/vcs/vcs2018/vcs/O-2018.09-SP2/linux64/lib \
-L/home/escaper/vcs/vcs2018/vcs/O-2018.09-SP2/linux64/lib   objs/amcQw_d.o  _71497_archive_1.so \
SIM_l.o       rmapats_mop.o rmapats.o rmar.o rmar_nd.o  rmar_llvm_0_1.o rmar_llvm_0_0.o \
-lzerosoft_rt_stubs -lvirsim -lerrorinf -lsnpsmalloc -lvfs    -lvcsnew -lsimprofile \
-luclinative /home/escaper/vcs/vcs2018/vcs/O-2018.09-SP2/linux64/lib/vcs_tls.o   \
-Wl,-whole-archive -lvcsucli -Wl,-no-whole-archive       _vcs_pli_stub_.o   /home/escaper/vcs/vcs2018/vcs/O-2018.09-SP2/linux64/lib/vcs_save_restore_new.o \
/home/escaper/vcs/verdi/verdi/Verdi_O-2018.09-SP2/share/PLI/VCS/LINUX64/pli.a -ldl \
-lc -lm -lpthread -ldl 
../simv up to date
make[1]: Leaving directory '/home/escaper/my_cpu/riscv/csrc'
CPU time: .315 seconds to compile + .206 seconds to elab + .214 seconds to link
